fork_finder.py[LINE:42]# DEBUG [2013-06-22 12:36:29,938]  All process pids in system: [1, 2, 3, 5, 7, 8, 9, 10, 11, 12, 13, 16, 17, 18, 19, 20, 21, 22, 23, 24, 25, 26, 27, 30, 31, 32, 33, 34, 35, 36, 47, 50, 51, 53, 54, 58, 78, 79, 81, 82, 255, 256, 355, 545, 683, 705, 722, 733, 774, 847, 865, 866, 870, 881, 919, 922, 926, 1025, 1029, 1036, 1037, 1042, 1066, 1074, 1080, 1099, 1169, 1183, 1186, 1200, 1215, 1279, 1413, 1422, 1593, 1603, 1604, 1615, 1622, 1623, 1660, 1685, 1870, 1881, 2345, 2405, 2422, 2423, 2424, 2425, 2426, 2449, 3518, 4334, 4614, 7304, 7305, 7307, 13098, 13582, 13583, 13584, 13586, 13587, 13590, 13591, 13592, 13593, 23666, 23667, 26763, 28077, 28170, 28299, 28310, 28358, 28359, 28360, 28363, 28364, 28374, 28378, 28381, 28389, 28405, 28407, 28411, 28430, 28441, 28444, 28445, 28451, 28452, 28458, 28466, 28474, 28479, 28484, 28489, 28494, 28503, 28519, 28521, 28522, 28524, 28526, 28554, 28559, 28560, 28561, 28562, 28563, 28565, 28572, 28611, 28629, 28636, 28649, 28650, 28656, 28666, 28672, 28685, 28686, 28687, 28693, 28696, 28864, 28866, 28868, 28877, 28881, 28882, 28883, 28940, 28941, 28954, 28955, 28972, 28978, 28979, 28985, 28987, 28989, 29010, 29011, 29028, 29056, 29057, 29071, 29090, 29098, 29234, 29278, 29294, 29338, 29891]
fork_finder.py[LINE:58]# DEBUG [2013-06-22 12:36:29,955]  Pid 1 has 277 forks
fork_finder.py[LINE:58]# DEBUG [2013-06-22 12:36:30,642]  Pid 1074 has 16 forks
fork_finder.py[LINE:58]# DEBUG [2013-06-22 12:36:30,662]  Pid 1099 has 36 forks
fork_finder.py[LINE:58]# DEBUG [2013-06-22 12:36:30,720]  Pid 1215 has 64 forks
fork_finder.py[LINE:58]# DEBUG [2013-06-22 12:36:31,161]  Pid 28170 has 37 forks
fork_finder.py[LINE:58]# DEBUG [2013-06-22 12:36:31,180]  Pid 28310 has 47 forks
fork_finder.py[LINE:58]# DEBUG [2013-06-22 12:36:31,331]  Pid 28430 has 22 forks
fork_finder.py[LINE:58]# DEBUG [2013-06-22 12:36:31,778]  Pid 28686 has 16 forks
fork_finder.py[LINE:58]# DEBUG [2013-06-22 12:36:31,789]  Pid 28687 has 16 forks
fork_finder.py[LINE:58]# DEBUG [2013-06-22 12:36:32,067]  Pid 29234 has 42 forks
fork_finder.py[LINE:58]# DEBUG [2013-06-22 12:36:32,106]  Pid 29338 has 11 forks
fork_finder.py[LINE:58]# DEBUG [2013-06-22 12:36:32,120]  Pid 29891 has 11 forks
fork_finder.py[LINE:70]# INFO [2013-06-22 12:36:32,120]  Send signal with code 1 to 1.
fork_finder.py[LINE:70]# INFO [2013-06-22 12:36:32,120]  Send signal with code 1 to 1074.
fork_finder.py[LINE:70]# INFO [2013-06-22 12:36:32,120]  Send signal with code 1 to 1099.
fork_finder.py[LINE:70]# INFO [2013-06-22 12:36:32,120]  Send signal with code 1 to 1215.
fork_finder.py[LINE:70]# INFO [2013-06-22 12:36:32,121]  Send signal with code 1 to 28170.
fork_finder.py[LINE:70]# INFO [2013-06-22 12:36:32,121]  Send signal with code 1 to 28310.
fork_finder.py[LINE:70]# INFO [2013-06-22 12:36:32,121]  Send signal with code 1 to 28430.
fork_finder.py[LINE:70]# INFO [2013-06-22 12:36:32,121]  Send signal with code 1 to 28686.
fork_finder.py[LINE:70]# INFO [2013-06-22 12:36:32,121]  Send signal with code 1 to 28687.
fork_finder.py[LINE:70]# INFO [2013-06-22 12:36:32,121]  Send signal with code 1 to 29234.
fork_finder.py[LINE:70]# INFO [2013-06-22 12:36:32,121]  Send signal with code 1 to 29338.
fork_finder.py[LINE:70]# INFO [2013-06-22 12:36:32,121]  Send signal with code 1 to 29891.
fork_finder.py [LINE:42]# DEBUG [2013-06-22 12:37:16,437]  All process pids in system: [1, 2, 3, 5, 7, 8, 9, 10, 11, 12, 13, 16, 17, 18, 19, 20, 21, 22, 23, 24, 25, 26, 27, 30, 31, 32, 33, 34, 35, 36, 47, 50, 51, 53, 54, 58, 78, 79, 81, 82, 255, 256, 355, 545, 683, 705, 722, 733, 774, 847, 865, 866, 870, 881, 919, 922, 926, 1025, 1029, 1036, 1037, 1042, 1066, 1074, 1080, 1099, 1169, 1183, 1186, 1200, 1215, 1279, 1413, 1422, 1593, 1603, 1604, 1615, 1660, 1685, 1870, 1881, 2037, 2038, 2345, 2405, 2422, 2423, 2424, 2425, 2426, 2449, 3518, 4334, 4614, 7304, 7305, 7307, 13098, 13582, 13583, 13584, 13586, 13587, 13590, 13591, 13592, 13593, 23666, 23667, 26763, 28077, 28170, 28299, 28310, 28358, 28359, 28360, 28363, 28364, 28374, 28378, 28381, 28389, 28405, 28407, 28411, 28430, 28441, 28444, 28445, 28451, 28452, 28458, 28466, 28474, 28479, 28484, 28489, 28494, 28503, 28519, 28521, 28522, 28524, 28526, 28554, 28559, 28560, 28561, 28562, 28563, 28565, 28572, 28611, 28629, 28636, 28649, 28650, 28656, 28666, 28672, 28685, 28686, 28687, 28693, 28696, 28864, 28866, 28868, 28877, 28881, 28882, 28883, 28940, 28941, 28954, 28955, 28972, 28978, 28979, 28985, 28987, 28989, 29010, 29011, 29028, 29056, 29057, 29071, 29090, 29098, 29234, 29278, 29294, 29338, 29891]
fork_finder.py [LINE:58]# DEBUG [2013-06-22 12:37:16,453]  Pid 1 has 275 forks
fork_finder.py [LINE:58]# DEBUG [2013-06-22 12:37:17,077]  Pid 1074 has 16 forks
fork_finder.py [LINE:58]# DEBUG [2013-06-22 12:37:17,095]  Pid 1099 has 36 forks
fork_finder.py [LINE:58]# DEBUG [2013-06-22 12:37:17,149]  Pid 1215 has 64 forks
fork_finder.py [LINE:58]# DEBUG [2013-06-22 12:37:17,570]  Pid 28170 has 37 forks
fork_finder.py [LINE:58]# DEBUG [2013-06-22 12:37:17,590]  Pid 28310 has 47 forks
fork_finder.py [LINE:58]# DEBUG [2013-06-22 12:37:17,729]  Pid 28430 has 22 forks
fork_finder.py [LINE:58]# DEBUG [2013-06-22 12:37:18,135]  Pid 28686 has 16 forks
fork_finder.py [LINE:58]# DEBUG [2013-06-22 12:37:18,144]  Pid 28687 has 16 forks
fork_finder.py [LINE:58]# DEBUG [2013-06-22 12:37:18,424]  Pid 29234 has 41 forks
fork_finder.py [LINE:58]# DEBUG [2013-06-22 12:37:18,456]  Pid 29338 has 11 forks
fork_finder.py [LINE:58]# DEBUG [2013-06-22 12:37:18,468]  Pid 29891 has 11 forks
fork_finder.py [LINE:70]# INFO [2013-06-22 12:37:18,468]  Send signal with code 1 to 1.
fork_finder.py [LINE:70]# INFO [2013-06-22 12:37:18,468]  Send signal with code 1 to 1074.
fork_finder.py [LINE:70]# INFO [2013-06-22 12:37:18,469]  Send signal with code 1 to 1099.
fork_finder.py [LINE:70]# INFO [2013-06-22 12:37:18,469]  Send signal with code 1 to 1215.
fork_finder.py [LINE:70]# INFO [2013-06-22 12:37:18,469]  Send signal with code 1 to 28170.
fork_finder.py [LINE:70]# INFO [2013-06-22 12:37:18,469]  Send signal with code 1 to 28310.
fork_finder.py [LINE:70]# INFO [2013-06-22 12:37:18,469]  Send signal with code 1 to 28430.
fork_finder.py [LINE:70]# INFO [2013-06-22 12:37:18,469]  Send signal with code 1 to 28686.
fork_finder.py [LINE:70]# INFO [2013-06-22 12:37:18,469]  Send signal with code 1 to 28687.
fork_finder.py [LINE:70]# INFO [2013-06-22 12:37:18,469]  Send signal with code 1 to 29234.
fork_finder.py [LINE:70]# INFO [2013-06-22 12:37:18,469]  Send signal with code 1 to 29338.
fork_finder.py [LINE:70]# INFO [2013-06-22 12:37:18,469]  Send signal with code 1 to 29891.
fork_finder.py [LINE:42]# DEBUG [2013-06-22 12:37:40,828]  All process pids in system: [1, 2, 3, 5, 7, 8, 9, 10, 11, 12, 13, 16, 17, 18, 19, 20, 21, 22, 23, 24, 25, 26, 27, 30, 31, 32, 33, 34, 35, 36, 47, 50, 51, 53, 54, 58, 78, 79, 81, 82, 255, 256, 355, 545, 683, 705, 722, 733, 774, 847, 865, 866, 870, 881, 919, 922, 926, 1025, 1029, 1036, 1037, 1042, 1066, 1074, 1080, 1099, 1169, 1183, 1186, 1200, 1215, 1279, 1413, 1422, 1593, 1603, 1604, 1615, 1660, 1685, 1870, 1881, 2345, 2405, 2422, 2423, 2424, 2425, 2426, 2443, 2444, 2449, 3518, 4334, 4614, 7304, 7305, 7307, 13098, 13582, 13583, 13584, 13586, 13587, 13590, 13591, 13592, 13593, 23666, 23667, 26763, 28077, 28170, 28299, 28310, 28358, 28359, 28360, 28363, 28364, 28374, 28378, 28381, 28389, 28405, 28407, 28411, 28430, 28441, 28444, 28445, 28451, 28452, 28458, 28466, 28474, 28479, 28484, 28489, 28494, 28503, 28519, 28521, 28522, 28524, 28526, 28554, 28559, 28560, 28561, 28562, 28563, 28565, 28572, 28611, 28629, 28636, 28649, 28650, 28656, 28666, 28672, 28685, 28686, 28687, 28693, 28696, 28864, 28866, 28868, 28877, 28881, 28882, 28883, 28940, 28941, 28954, 28955, 28972, 28978, 28979, 28985, 28987, 28989, 29010, 29011, 29028, 29056, 29057, 29071, 29090, 29098, 29234, 29278, 29294, 29338, 29891]
fork_finder.py [LINE:58]# DEBUG [2013-06-22 12:37:40,839]  Pid 1 has 275 forks
fork_finder.py [LINE:58]# DEBUG [2013-06-22 12:37:41,508]  Pid 1074 has 16 forks
fork_finder.py [LINE:58]# DEBUG [2013-06-22 12:37:41,533]  Pid 1099 has 36 forks
fork_finder.py [LINE:58]# DEBUG [2013-06-22 12:37:41,577]  Pid 1215 has 64 forks
fork_finder.py [LINE:58]# DEBUG [2013-06-22 12:37:42,099]  Pid 28170 has 37 forks
fork_finder.py [LINE:58]# DEBUG [2013-06-22 12:37:42,132]  Pid 28310 has 47 forks
fork_finder.py [LINE:58]# DEBUG [2013-06-22 12:37:42,252]  Pid 28430 has 22 forks
fork_finder.py [LINE:58]# DEBUG [2013-06-22 12:37:42,636]  Pid 28686 has 16 forks
fork_finder.py [LINE:58]# DEBUG [2013-06-22 12:37:42,645]  Pid 28687 has 16 forks
fork_finder.py [LINE:58]# DEBUG [2013-06-22 12:37:42,954]  Pid 29234 has 41 forks
fork_finder.py [LINE:58]# DEBUG [2013-06-22 12:37:42,983]  Pid 29338 has 11 forks
fork_finder.py [LINE:58]# DEBUG [2013-06-22 12:37:42,997]  Pid 29891 has 11 forks
fork_finder.py [LINE:70]# INFO [2013-06-22 12:37:42,997]  Send signal with code 1 to 1.
fork_finder.py [LINE:70]# INFO [2013-06-22 12:37:42,997]  Send signal with code 1 to 1074.
fork_finder.py [LINE:70]# INFO [2013-06-22 12:37:42,997]  Send signal with code 1 to 1099.
fork_finder.py [LINE:70]# INFO [2013-06-22 12:37:42,998]  Send signal with code 1 to 1215.
fork_finder.py [LINE:70]# INFO [2013-06-22 12:37:42,998]  Send signal with code 1 to 28170.
fork_finder.py [LINE:70]# INFO [2013-06-22 12:37:42,998]  Send signal with code 1 to 28310.
fork_finder.py [LINE:70]# INFO [2013-06-22 12:37:42,998]  Send signal with code 1 to 28430.
fork_finder.py [LINE:70]# INFO [2013-06-22 12:37:42,998]  Send signal with code 1 to 28686.
fork_finder.py [LINE:70]# INFO [2013-06-22 12:37:42,998]  Send signal with code 1 to 28687.
fork_finder.py [LINE:70]# INFO [2013-06-22 12:37:42,998]  Send signal with code 1 to 29234.
fork_finder.py [LINE:70]# INFO [2013-06-22 12:37:42,998]  Send signal with code 1 to 29338.
fork_finder.py [LINE:70]# INFO [2013-06-22 12:37:42,998]  Send signal with code 1 to 29891.
fork_finder.py [LINE:51]# DEBUG [2013-06-22 13:09:23,053]  All process pids in system: ['1', '2', '3', '5', '7', '8', '9', '10', '11', '12', '13', '16', '17', '18', '19', '20', '21', '22', '23', '24', '25', '26', '27', '30', '31', '32', '33', '34', '35', '36', '47', '50', '51', '53', '54', '58', '78', '79', '81', '82', '255', '256', '355', '545', '683', '705', '722', '733', '774', '847', '865', '866', '870', '881', '919', '922', '926', '1025', '1029', '1036', '1037', '1042', '1066', '1074', '1099', '1169', '1183', '1186', '1200', '1215', '1279', '1413', '1422', '1593', '1660', '1685', '1870', '1881', '2345', '2405', '2422', '2423', '2424', '2425', '2426', '2449', '2877', '2964', '3149', '3397', '3432', '3486', '3487', '3492', '3498', '3501', '3502', '3518', '4334', '4614', '7304', '7305', '7307', '13098', '13582', '13583', '13584', '13586', '13587', '13590', '13591', '13592', '13593', '23666', '23667', '26763', '28077', '28170', '28299', '28310', '28358', '28359', '28360', '28363', '28364', '28374', '28378', '28381', '28389', '28405', '28407', '28411', '28430', '28441', '28444', '28445', '28451', '28452', '28458', '28466', '28474', '28479', '28484', '28489', '28494', '28503', '28519', '28521', '28522', '28524', '28526', '28554', '28559', '28560', '28561', '28562', '28563', '28565', '28572', '28611', '28629', '28636', '28649', '28650', '28656', '28666', '28672', '28685', '28686', '28687', '28693', '28696', '28864', '28866', '28868', '28877', '28881', '28882', '28883', '28940', '28941', '28954', '28955', '28972', '28978', '28979', '28985', '28987', '28989', '29010', '29011', '29028', '29056', '29057', '29071', '29090', '29098', '29234', '29278', '29294']
fork_finder.py [LINE:51]# DEBUG [2013-06-22 13:09:39,844]  All process pids in system: ['1', '2', '3', '5', '7', '8', '9', '10', '11', '12', '13', '16', '17', '18', '19', '20', '21', '22', '23', '24', '25', '26', '27', '30', '31', '32', '33', '34', '35', '36', '47', '50', '51', '53', '54', '58', '78', '79', '81', '82', '255', '256', '355', '545', '683', '705', '722', '733', '774', '847', '865', '866', '870', '881', '919', '922', '926', '1025', '1029', '1036', '1037', '1042', '1066', '1074', '1099', '1169', '1183', '1186', '1200', '1215', '1279', '1413', '1422', '1593', '1660', '1685', '1870', '1881', '2345', '2405', '2422', '2423', '2424', '2425', '2426', '2449', '2877', '2964', '3149', '3397', '3432', '3486', '3487', '3492', '3498', '3507', '3508', '3518', '4334', '4614', '7304', '7305', '7307', '13098', '13582', '13583', '13584', '13586', '13587', '13590', '13591', '13592', '13593', '23666', '23667', '26763', '28077', '28170', '28299', '28310', '28358', '28359', '28360', '28363', '28364', '28374', '28378', '28381', '28389', '28405', '28407', '28411', '28430', '28441', '28444', '28445', '28451', '28452', '28458', '28466', '28474', '28479', '28484', '28489', '28494', '28503', '28519', '28521', '28522', '28524', '28526', '28554', '28559', '28560', '28561', '28562', '28563', '28565', '28572', '28611', '28629', '28636', '28649', '28650', '28656', '28666', '28672', '28685', '28686', '28687', '28693', '28696', '28864', '28866', '28868', '28877', '28881', '28882', '28883', '28940', '28941', '28954', '28955', '28972', '28978', '28979', '28985', '28987', '28989', '29010', '29011', '29028', '29056', '29057', '29071', '29090', '29098', '29234', '29278', '29294']
fork_finder.py [LINE:67]# DEBUG [2013-06-22 13:09:39,861]  Pid 1 has 280 forks
fork_finder.py [LINE:67]# DEBUG [2013-06-22 13:09:40,641]  Pid 1074 has 16 forks
fork_finder.py [LINE:67]# DEBUG [2013-06-22 13:09:40,650]  Pid 1099 has 36 forks
fork_finder.py [LINE:67]# DEBUG [2013-06-22 13:09:40,696]  Pid 1215 has 64 forks
fork_finder.py [LINE:67]# DEBUG [2013-06-22 13:09:40,881]  Pid 2877 has 11 forks
fork_finder.py [LINE:67]# DEBUG [2013-06-22 13:09:41,180]  Pid 28170 has 37 forks
fork_finder.py [LINE:67]# DEBUG [2013-06-22 13:09:41,209]  Pid 28310 has 47 forks
fork_finder.py [LINE:67]# DEBUG [2013-06-22 13:09:41,353]  Pid 28430 has 22 forks
fork_finder.py [LINE:67]# DEBUG [2013-06-22 13:09:41,719]  Pid 28686 has 16 forks
fork_finder.py [LINE:67]# DEBUG [2013-06-22 13:09:41,732]  Pid 28687 has 16 forks
fork_finder.py [LINE:67]# DEBUG [2013-06-22 13:09:41,982]  Pid 29098 has 11 forks
fork_finder.py [LINE:67]# DEBUG [2013-06-22 13:09:41,991]  Pid 29234 has 46 forks
fork_finder.py [LINE:79]# INFO [2013-06-22 13:09:42,015]  Send signal with code 1 to 1.
fork_finder.py [LINE:79]# INFO [2013-06-22 13:09:42,016]  Send signal with code 1 to 1074.
fork_finder.py [LINE:79]# INFO [2013-06-22 13:09:42,016]  Send signal with code 1 to 1099.
fork_finder.py [LINE:79]# INFO [2013-06-22 13:09:42,016]  Send signal with code 1 to 1215.
fork_finder.py [LINE:79]# INFO [2013-06-22 13:09:42,016]  Send signal with code 1 to 2877.
fork_finder.py [LINE:79]# INFO [2013-06-22 13:09:42,016]  Send signal with code 1 to 28170.
fork_finder.py [LINE:79]# INFO [2013-06-22 13:09:42,016]  Send signal with code 1 to 28310.
fork_finder.py [LINE:79]# INFO [2013-06-22 13:09:42,017]  Send signal with code 1 to 28430.
fork_finder.py [LINE:79]# INFO [2013-06-22 13:09:42,017]  Send signal with code 1 to 28686.
fork_finder.py [LINE:79]# INFO [2013-06-22 13:09:42,017]  Send signal with code 1 to 28687.
fork_finder.py [LINE:79]# INFO [2013-06-22 13:09:42,017]  Send signal with code 1 to 29098.
fork_finder.py [LINE:79]# INFO [2013-06-22 13:09:42,017]  Send signal with code 1 to 29234.
fork_finder.py [LINE:51]# DEBUG [2013-06-22 13:30:01,659]  All process pids in system: ['1', '2', '3', '5', '7', '8', '9', '10', '11', '12', '13', '16', '17', '18', '19', '20', '21', '22', '23', '24', '25', '26', '27', '30', '31', '32', '33', '34', '35', '36', '47', '50', '51', '53', '54', '58', '78', '79', '81', '82', '255', '256', '355', '545', '683', '705', '722', '733', '774', '847', '865', '866', '870', '881', '919', '922', '926', '1025', '1029', '1036', '1037', '1042', '1066', '1074', '1099', '1169', '1183', '1186', '1200', '1215', '1279', '1413', '1422', '1593', '1660', '1685', '1870', '1881', '2345', '2405', '2422', '2423', '2424', '2425', '2426', '2449', '2877', '2964', '3149', '3518', '4334', '4614', '5156', '7304', '7305', '7307', '8702', '8790', '9219', '9222', '9227', '9228', '9229', '9230', '9231', '9233', '9234', '9235', '13098', '13582', '13583', '13584', '13586', '13587', '13590', '13591', '13592', '13593', '23666', '26763', '28077', '28170', '28299', '28310', '28358', '28359', '28360', '28363', '28364', '28374', '28378', '28381', '28389', '28405', '28407', '28411', '28430', '28441', '28444', '28445', '28451', '28452', '28458', '28466', '28474', '28479', '28484', '28489', '28494', '28503', '28519', '28521', '28522', '28524', '28526', '28554', '28559', '28560', '28561', '28562', '28563', '28565', '28572', '28611', '28629', '28636', '28649', '28650', '28656', '28666', '28672', '28685', '28686', '28687', '28693', '28696', '28864', '28866', '28868', '28877', '28881', '28882', '28883', '28940', '28941', '28954', '28955', '28972', '28978', '28979', '28985', '28987', '28989', '29010', '29011', '29028', '29056', '29057', '29071', '29090', '29098', '29234', '29278', '29294']
fork_finder.py [LINE:67]# DEBUG [2013-06-22 13:30:01,671]  Pid 1 has 282 forks
fork_finder.py [LINE:67]# DEBUG [2013-06-22 13:30:02,351]  Pid 1074 has 16 forks
fork_finder.py [LINE:67]# DEBUG [2013-06-22 13:30:02,369]  Pid 1099 has 36 forks
fork_finder.py [LINE:67]# DEBUG [2013-06-22 13:30:02,432]  Pid 1215 has 64 forks
fork_finder.py [LINE:67]# DEBUG [2013-06-22 13:30:02,644]  Pid 2877 has 11 forks
fork_finder.py [LINE:67]# DEBUG [2013-06-22 13:30:03,032]  Pid 28170 has 37 forks
fork_finder.py [LINE:67]# DEBUG [2013-06-22 13:30:03,061]  Pid 28310 has 47 forks
fork_finder.py [LINE:67]# DEBUG [2013-06-22 13:30:03,205]  Pid 28430 has 22 forks
fork_finder.py [LINE:67]# DEBUG [2013-06-22 13:30:03,623]  Pid 28686 has 16 forks
fork_finder.py [LINE:67]# DEBUG [2013-06-22 13:30:03,646]  Pid 28687 has 16 forks
fork_finder.py [LINE:67]# DEBUG [2013-06-22 13:30:03,936]  Pid 29098 has 11 forks
fork_finder.py [LINE:67]# DEBUG [2013-06-22 13:30:03,947]  Pid 29234 has 48 forks
fork_finder.py [LINE:67]# DEBUG [2013-06-22 13:30:03,960]  Pid 29278 has 12 forks
fork_finder.py [LINE:79]# INFO [2013-06-22 13:30:03,983]  Send signal with code 1 to 1.
fork_finder.py [LINE:79]# INFO [2013-06-22 13:30:03,984]  Send signal with code 1 to 1074.
fork_finder.py [LINE:79]# INFO [2013-06-22 13:30:03,984]  Send signal with code 1 to 1099.
fork_finder.py [LINE:79]# INFO [2013-06-22 13:30:03,984]  Send signal with code 1 to 1215.
fork_finder.py [LINE:79]# INFO [2013-06-22 13:30:03,984]  Send signal with code 1 to 2877.
fork_finder.py [LINE:79]# INFO [2013-06-22 13:30:03,984]  Send signal with code 1 to 28170.
fork_finder.py [LINE:79]# INFO [2013-06-22 13:30:03,984]  Send signal with code 1 to 28310.
fork_finder.py [LINE:79]# INFO [2013-06-22 13:30:03,985]  Send signal with code 1 to 28430.
fork_finder.py [LINE:79]# INFO [2013-06-22 13:30:03,985]  Send signal with code 1 to 28686.
fork_finder.py [LINE:79]# INFO [2013-06-22 13:30:03,985]  Send signal with code 1 to 28687.
fork_finder.py [LINE:79]# INFO [2013-06-22 13:30:03,986]  Send signal with code 1 to 29098.
fork_finder.py [LINE:79]# INFO [2013-06-22 13:30:03,986]  Send signal with code 1 to 29234.
fork_finder.py [LINE:79]# INFO [2013-06-22 13:30:03,986]  Send signal with code 1 to 29278.
fork_finder.py [LINE:51]# DEBUG [2013-06-22 13:31:02,034]  All process pids in system: ['1', '2', '3', '5', '7', '8', '9', '10', '11', '12', '13', '16', '17', '18', '19', '20', '21', '22', '23', '24', '25', '26', '27', '30', '31', '32', '33', '34', '35', '36', '47', '50', '51', '53', '54', '58', '78', '79', '81', '82', '255', '256', '355', '545', '683', '705', '722', '733', '774', '847', '865', '866', '870', '881', '919', '922', '926', '1025', '1029', '1036', '1037', '1042', '1066', '1074', '1099', '1169', '1183', '1186', '1200', '1215', '1279', '1413', '1422', '1593', '1660', '1685', '1870', '1881', '2345', '2405', '2422', '2423', '2424', '2425', '2426', '2449', '2877', '2964', '3149', '3518', '4334', '4614', '5156', '7304', '7305', '7307', '8702', '8790', '9219', '9222', '9227', '9647', '9648', '9649', '9651', '9652', '9653', '9654', '9655', '9656', '13098', '13582', '13583', '13584', '13586', '13587', '13590', '13591', '13592', '13593', '23666', '26763', '28077', '28170', '28299', '28310', '28358', '28359', '28360', '28363', '28364', '28374', '28378', '28381', '28389', '28405', '28407', '28411', '28430', '28441', '28444', '28445', '28451', '28452', '28458', '28466', '28474', '28479', '28484', '28489', '28494', '28503', '28519', '28521', '28522', '28524', '28526', '28554', '28559', '28560', '28561', '28562', '28563', '28565', '28572', '28611', '28629', '28636', '28649', '28650', '28656', '28666', '28672', '28685', '28686', '28687', '28693', '28696', '28864', '28866', '28868', '28877', '28881', '28882', '28883', '28940', '28941', '28954', '28955', '28972', '28978', '28979', '28985', '28987', '28989', '29010', '29011', '29028', '29056', '29057', '29071', '29090', '29098', '29234', '29278', '29294']
fork_finder.py [LINE:67]# DEBUG [2013-06-22 13:31:02,048]  Pid 1 has 282 forks
fork_finder.py [LINE:67]# DEBUG [2013-06-22 13:31:02,745]  Pid 1074 has 16 forks
fork_finder.py [LINE:67]# DEBUG [2013-06-22 13:31:02,755]  Pid 1099 has 36 forks
fork_finder.py [LINE:67]# DEBUG [2013-06-22 13:31:02,809]  Pid 1215 has 64 forks
fork_finder.py [LINE:67]# DEBUG [2013-06-22 13:31:03,011]  Pid 2877 has 11 forks
fork_finder.py [LINE:67]# DEBUG [2013-06-22 13:31:03,431]  Pid 28170 has 37 forks
fork_finder.py [LINE:67]# DEBUG [2013-06-22 13:31:03,458]  Pid 28310 has 47 forks
fork_finder.py [LINE:67]# DEBUG [2013-06-22 13:31:03,599]  Pid 28430 has 22 forks
fork_finder.py [LINE:67]# DEBUG [2013-06-22 13:31:04,033]  Pid 28686 has 16 forks
fork_finder.py [LINE:67]# DEBUG [2013-06-22 13:31:04,046]  Pid 28687 has 16 forks
fork_finder.py [LINE:67]# DEBUG [2013-06-22 13:31:04,321]  Pid 29098 has 11 forks
fork_finder.py [LINE:67]# DEBUG [2013-06-22 13:31:04,331]  Pid 29234 has 48 forks
fork_finder.py [LINE:67]# DEBUG [2013-06-22 13:31:04,347]  Pid 29278 has 12 forks
fork_finder.py [LINE:79]# INFO [2013-06-22 13:31:04,360]  Send signal with code 1 to 1.
fork_finder.py [LINE:79]# INFO [2013-06-22 13:31:04,360]  Send signal with code 1 to 1074.
fork_finder.py [LINE:79]# INFO [2013-06-22 13:31:04,360]  Send signal with code 1 to 1099.
fork_finder.py [LINE:79]# INFO [2013-06-22 13:31:04,360]  Send signal with code 1 to 1215.
fork_finder.py [LINE:79]# INFO [2013-06-22 13:31:04,360]  Send signal with code 1 to 2877.
fork_finder.py [LINE:79]# INFO [2013-06-22 13:31:04,360]  Send signal with code 1 to 28170.
fork_finder.py [LINE:79]# INFO [2013-06-22 13:31:04,360]  Send signal with code 1 to 28310.
fork_finder.py [LINE:79]# INFO [2013-06-22 13:31:04,360]  Send signal with code 1 to 28430.
fork_finder.py [LINE:79]# INFO [2013-06-22 13:31:04,360]  Send signal with code 1 to 28686.
fork_finder.py [LINE:79]# INFO [2013-06-22 13:31:04,360]  Send signal with code 1 to 28687.
fork_finder.py [LINE:79]# INFO [2013-06-22 13:31:04,360]  Send signal with code 1 to 29098.
fork_finder.py [LINE:79]# INFO [2013-06-22 13:31:04,361]  Send signal with code 1 to 29234.
fork_finder.py [LINE:79]# INFO [2013-06-22 13:31:04,361]  Send signal with code 1 to 29278.
fork_finder.py [LINE:51]# DEBUG [2013-06-22 13:32:01,424]  All process pids in system: ['1', '2', '3', '5', '7', '8', '9', '10', '11', '12', '13', '16', '17', '18', '19', '20', '21', '22', '23', '24', '25', '26', '27', '30', '31', '32', '33', '34', '35', '36', '47', '50', '51', '53', '54', '58', '78', '79', '81', '82', '255', '256', '355', '545', '683', '705', '722', '733', '774', '847', '865', '866', '870', '881', '919', '922', '926', '1025', '1029', '1036', '1037', '1042', '1066', '1074', '1099', '1169', '1183', '1186', '1200', '1215', '1279', '1413', '1422', '1593', '1660', '1685', '1870', '1881', '2345', '2405', '2422', '2423', '2424', '2425', '2426', '2449', '2877', '2964', '3149', '3518', '4334', '4614', '5156', '7304', '7305', '7307', '8702', '8790', '9219', '9222', '9227', '9649', '9652', '10075', '10076', '10077', '10078', '10079', '10081', '10082', '13098', '13582', '13583', '13584', '13586', '13587', '13590', '13591', '13592', '13593', '23666', '26763', '28077', '28170', '28299', '28310', '28358', '28359', '28360', '28363', '28364', '28374', '28378', '28381', '28389', '28405', '28407', '28411', '28430', '28441', '28444', '28445', '28451', '28452', '28458', '28466', '28474', '28479', '28484', '28489', '28494', '28503', '28519', '28521', '28522', '28524', '28526', '28554', '28559', '28560', '28561', '28562', '28563', '28565', '28572', '28611', '28629', '28636', '28649', '28650', '28656', '28666', '28672', '28685', '28686', '28687', '28693', '28696', '28864', '28866', '28868', '28877', '28881', '28882', '28883', '28940', '28941', '28954', '28955', '28972', '28978', '28979', '28985', '28987', '28989', '29010', '29011', '29028', '29056', '29057', '29071', '29090', '29098', '29234', '29278', '29294']
fork_finder.py [LINE:67]# DEBUG [2013-06-22 13:32:01,447]  Pid 1 has 283 forks
fork_finder.py [LINE:67]# DEBUG [2013-06-22 13:32:02,075]  Pid 1074 has 16 forks
fork_finder.py [LINE:67]# DEBUG [2013-06-22 13:32:02,085]  Pid 1099 has 36 forks
fork_finder.py [LINE:67]# DEBUG [2013-06-22 13:32:02,133]  Pid 1215 has 64 forks
fork_finder.py [LINE:67]# DEBUG [2013-06-22 13:32:02,327]  Pid 2877 has 11 forks
fork_finder.py [LINE:67]# DEBUG [2013-06-22 13:32:02,759]  Pid 28170 has 37 forks
fork_finder.py [LINE:67]# DEBUG [2013-06-22 13:32:02,785]  Pid 28310 has 47 forks
fork_finder.py [LINE:67]# DEBUG [2013-06-22 13:32:02,943]  Pid 28430 has 22 forks
fork_finder.py [LINE:67]# DEBUG [2013-06-22 13:32:03,333]  Pid 28686 has 16 forks
fork_finder.py [LINE:67]# DEBUG [2013-06-22 13:32:03,343]  Pid 28687 has 16 forks
fork_finder.py [LINE:67]# DEBUG [2013-06-22 13:32:03,626]  Pid 29098 has 11 forks
fork_finder.py [LINE:67]# DEBUG [2013-06-22 13:32:03,638]  Pid 29234 has 48 forks
fork_finder.py [LINE:67]# DEBUG [2013-06-22 13:32:03,647]  Pid 29278 has 12 forks
fork_finder.py [LINE:79]# INFO [2013-06-22 13:32:03,657]  Send signal with code 1 to 1.
fork_finder.py [LINE:79]# INFO [2013-06-22 13:32:03,657]  Send signal with code 1 to 1074.
fork_finder.py [LINE:79]# INFO [2013-06-22 13:32:03,657]  Send signal with code 1 to 1099.
fork_finder.py [LINE:79]# INFO [2013-06-22 13:32:03,657]  Send signal with code 1 to 1215.
fork_finder.py [LINE:79]# INFO [2013-06-22 13:32:03,657]  Send signal with code 1 to 2877.
fork_finder.py [LINE:79]# INFO [2013-06-22 13:32:03,657]  Send signal with code 1 to 28170.
fork_finder.py [LINE:79]# INFO [2013-06-22 13:32:03,657]  Send signal with code 1 to 28310.
fork_finder.py [LINE:79]# INFO [2013-06-22 13:32:03,657]  Send signal with code 1 to 28430.
fork_finder.py [LINE:79]# INFO [2013-06-22 13:32:03,658]  Send signal with code 1 to 28686.
fork_finder.py [LINE:79]# INFO [2013-06-22 13:32:03,658]  Send signal with code 1 to 28687.
fork_finder.py [LINE:79]# INFO [2013-06-22 13:32:03,658]  Send signal with code 1 to 29098.
fork_finder.py [LINE:79]# INFO [2013-06-22 13:32:03,658]  Send signal with code 1 to 29234.
fork_finder.py [LINE:79]# INFO [2013-06-22 13:32:03,658]  Send signal with code 1 to 29278.
fork_finder.py [LINE:51]# DEBUG [2013-06-22 13:33:01,722]  All process pids in system: ['1', '2', '3', '5', '7', '8', '9', '10', '11', '12', '13', '16', '17', '18', '19', '20', '21', '22', '23', '24', '25', '26', '27', '30', '31', '32', '33', '34', '35', '36', '47', '50', '51', '53', '54', '58', '78', '79', '81', '82', '255', '256', '355', '545', '683', '705', '722', '733', '774', '847', '865', '866', '870', '881', '919', '922', '926', '1025', '1029', '1036', '1037', '1042', '1066', '1074', '1099', '1169', '1183', '1186', '1200', '1215', '1279', '1413', '1422', '1593', '1660', '1685', '1870', '1881', '2345', '2405', '2422', '2423', '2424', '2425', '2426', '2449', '2877', '2964', '3149', '3518', '4334', '4614', '5156', '7304', '7305', '7307', '8702', '8790', '9219', '9222', '9227', '10076', '10081', '10498', '10505', '10506', '10508', '10509', '10510', '10511', '10512', '13098', '13582', '13583', '13584', '13586', '13587', '13590', '13591', '13592', '13593', '23666', '26763', '28077', '28170', '28299', '28310', '28358', '28359', '28360', '28363', '28364', '28374', '28378', '28381', '28389', '28405', '28407', '28411', '28430', '28441', '28444', '28445', '28451', '28452', '28458', '28466', '28474', '28479', '28484', '28489', '28494', '28503', '28519', '28521', '28522', '28524', '28526', '28554', '28559', '28560', '28561', '28562', '28563', '28565', '28572', '28611', '28629', '28636', '28649', '28650', '28656', '28666', '28672', '28685', '28686', '28687', '28693', '28696', '28864', '28866', '28868', '28877', '28881', '28882', '28883', '28940', '28941', '28954', '28955', '28972', '28978', '28979', '28985', '28987', '28989', '29010', '29011', '29028', '29056', '29057', '29071', '29090', '29098', '29234', '29278', '29294']
fork_finder.py [LINE:67]# DEBUG [2013-06-22 13:33:01,734]  Pid 1 has 282 forks
fork_finder.py [LINE:51]# DEBUG [2013-06-22 13:33:02,330]  All process pids in system: ['1', '2', '3', '5', '7', '8', '9', '10', '11', '12', '13', '16', '17', '18', '19', '20', '21', '22', '23', '24', '25', '26', '27', '30', '31', '32', '33', '34', '35', '36', '47', '50', '51', '53', '54', '58', '78', '79', '81', '82', '255', '256', '355', '545', '683', '705', '722', '733', '774', '847', '865', '866', '870', '881', '919', '922', '926', '1025', '1029', '1036', '1037', '1042', '1066', '1074', '1099', '1169', '1183', '1186', '1200', '1215', '1279', '1413', '1422', '1593', '1660', '1685', '1870', '1881', '2345', '2405', '2422', '2423', '2424', '2425', '2426', '2449', '2877', '2964', '3149', '3518', '4334', '4614', '5156', '7304', '7305', '7307', '8702', '8790', '9219', '9222', '9227', '10498', '10505', '10506', '10508', '10509', '10510', '10511', '10614', '10617', '13098', '13582', '13583', '13584', '13586', '13587', '13590', '13591', '13592', '13593', '23666', '26763', '28077', '28170', '28299', '28310', '28358', '28359', '28360', '28363', '28364', '28374', '28378', '28381', '28389', '28405', '28407', '28411', '28430', '28441', '28444', '28445', '28451', '28452', '28458', '28466', '28474', '28479', '28484', '28489', '28494', '28503', '28519', '28521', '28522', '28524', '28526', '28554', '28559', '28560', '28561', '28562', '28563', '28565', '28572', '28611', '28629', '28636', '28649', '28650', '28656', '28666', '28672', '28685', '28686', '28687', '28693', '28696', '28864', '28866', '28868', '28877', '28881', '28882', '28883', '28940', '28941', '28954', '28955', '28972', '28978', '28979', '28985', '28987', '28989', '29010', '29011', '29028', '29056', '29057', '29071', '29090', '29098', '29234', '29278', '29294']
fork_finder.py [LINE:67]# DEBUG [2013-06-22 13:33:02,343]  Pid 1 has 282 forks
fork_finder.py [LINE:67]# DEBUG [2013-06-22 13:33:02,485]  Pid 1074 has 16 forks
fork_finder.py [LINE:67]# DEBUG [2013-06-22 13:33:02,498]  Pid 1099 has 36 forks
fork_finder.py [LINE:67]# DEBUG [2013-06-22 13:33:02,553]  Pid 1215 has 64 forks
fork_finder.py [LINE:67]# DEBUG [2013-06-22 13:33:02,721]  Pid 2877 has 11 forks
fork_finder.py [LINE:67]# DEBUG [2013-06-22 13:33:03,043]  Pid 1074 has 16 forks
fork_finder.py [LINE:67]# DEBUG [2013-06-22 13:33:03,053]  Pid 1099 has 36 forks
fork_finder.py [LINE:67]# DEBUG [2013-06-22 13:33:03,083]  Pid 28170 has 37 forks
fork_finder.py [LINE:67]# DEBUG [2013-06-22 13:33:03,102]  Pid 28310 has 47 forks
fork_finder.py [LINE:67]# DEBUG [2013-06-22 13:33:03,136]  Pid 1215 has 64 forks
fork_finder.py [LINE:67]# DEBUG [2013-06-22 13:33:03,232]  Pid 28430 has 22 forks
fork_finder.py [LINE:67]# DEBUG [2013-06-22 13:33:03,335]  Pid 2877 has 11 forks
fork_finder.py [LINE:67]# DEBUG [2013-06-22 13:33:03,594]  Pid 28686 has 16 forks
fork_finder.py [LINE:67]# DEBUG [2013-06-22 13:33:03,604]  Pid 28687 has 16 forks
fork_finder.py [LINE:67]# DEBUG [2013-06-22 13:33:03,746]  Pid 28170 has 37 forks
fork_finder.py [LINE:67]# DEBUG [2013-06-22 13:33:03,767]  Pid 28310 has 47 forks
fork_finder.py [LINE:67]# DEBUG [2013-06-22 13:33:03,873]  Pid 29098 has 11 forks
fork_finder.py [LINE:67]# DEBUG [2013-06-22 13:33:03,882]  Pid 29234 has 48 forks
fork_finder.py [LINE:67]# DEBUG [2013-06-22 13:33:03,893]  Pid 29278 has 12 forks
fork_finder.py [LINE:79]# INFO [2013-06-22 13:33:03,903]  Send signal with code 1 to 1.
fork_finder.py [LINE:79]# INFO [2013-06-22 13:33:03,903]  Send signal with code 1 to 1074.
fork_finder.py [LINE:79]# INFO [2013-06-22 13:33:03,904]  Send signal with code 1 to 1099.
fork_finder.py [LINE:79]# INFO [2013-06-22 13:33:03,904]  Send signal with code 1 to 1215.
fork_finder.py [LINE:79]# INFO [2013-06-22 13:33:03,904]  Send signal with code 1 to 2877.
fork_finder.py [LINE:79]# INFO [2013-06-22 13:33:03,904]  Send signal with code 1 to 28170.
fork_finder.py [LINE:79]# INFO [2013-06-22 13:33:03,904]  Send signal with code 1 to 28310.
fork_finder.py [LINE:79]# INFO [2013-06-22 13:33:03,904]  Send signal with code 1 to 28430.
fork_finder.py [LINE:79]# INFO [2013-06-22 13:33:03,904]  Send signal with code 1 to 28686.
fork_finder.py [LINE:79]# INFO [2013-06-22 13:33:03,904]  Send signal with code 1 to 28687.
fork_finder.py [LINE:79]# INFO [2013-06-22 13:33:03,904]  Send signal with code 1 to 29098.
fork_finder.py [LINE:79]# INFO [2013-06-22 13:33:03,904]  Send signal with code 1 to 29234.
fork_finder.py [LINE:79]# INFO [2013-06-22 13:33:03,904]  Send signal with code 1 to 29278.
fork_finder.py [LINE:67]# DEBUG [2013-06-22 13:33:03,948]  Pid 28430 has 22 forks
fork_finder.py [LINE:67]# DEBUG [2013-06-22 13:33:04,359]  Pid 28686 has 16 forks
fork_finder.py [LINE:67]# DEBUG [2013-06-22 13:33:04,368]  Pid 28687 has 16 forks
fork_finder.py [LINE:67]# DEBUG [2013-06-22 13:33:04,639]  Pid 29098 has 11 forks
fork_finder.py [LINE:67]# DEBUG [2013-06-22 13:33:04,655]  Pid 29234 has 48 forks
fork_finder.py [LINE:67]# DEBUG [2013-06-22 13:33:04,665]  Pid 29278 has 12 forks
fork_finder.py [LINE:79]# INFO [2013-06-22 13:33:04,681]  Send signal with code 1 to 1.
fork_finder.py [LINE:79]# INFO [2013-06-22 13:33:04,682]  Send signal with code 1 to 1074.
fork_finder.py [LINE:79]# INFO [2013-06-22 13:33:04,682]  Send signal with code 1 to 1099.
fork_finder.py [LINE:79]# INFO [2013-06-22 13:33:04,682]  Send signal with code 1 to 1215.
fork_finder.py [LINE:79]# INFO [2013-06-22 13:33:04,682]  Send signal with code 1 to 2877.
fork_finder.py [LINE:79]# INFO [2013-06-22 13:33:04,683]  Send signal with code 1 to 28170.
fork_finder.py [LINE:79]# INFO [2013-06-22 13:33:04,683]  Send signal with code 1 to 28310.
fork_finder.py [LINE:79]# INFO [2013-06-22 13:33:04,683]  Send signal with code 1 to 28430.
fork_finder.py [LINE:79]# INFO [2013-06-22 13:33:04,683]  Send signal with code 1 to 28686.
fork_finder.py [LINE:79]# INFO [2013-06-22 13:33:04,683]  Send signal with code 1 to 28687.
fork_finder.py [LINE:79]# INFO [2013-06-22 13:33:04,683]  Send signal with code 1 to 29098.
fork_finder.py [LINE:79]# INFO [2013-06-22 13:33:04,684]  Send signal with code 1 to 29234.
fork_finder.py [LINE:79]# INFO [2013-06-22 13:33:04,684]  Send signal with code 1 to 29278.
fork_finder.py [LINE:51]# DEBUG [2013-06-22 13:33:33,388]  All process pids in system: ['1', '2', '3', '5', '7', '8', '9', '10', '11', '12', '13', '16', '17', '18', '19', '20', '21', '22', '23', '24', '25', '26', '27', '30', '31', '32', '33', '34', '35', '36', '47', '50', '51', '53', '54', '58', '78', '79', '81', '82', '255', '256', '355', '545', '683', '705', '722', '733', '774', '847', '865', '866', '870', '881', '919', '922', '926', '1025', '1029', '1036', '1037', '1042', '1066', '1074', '1099', '1169', '1183', '1186', '1200', '1215', '1279', '1413', '1422', '1593', '1660', '1685', '1870', '1881', '2345', '2405', '2422', '2423', '2424', '2425', '2426', '2449', '2877', '2964', '3149', '3518', '4334', '4614', '5156', '7304', '7305', '7307', '8790', '9219', '9222', '9227', '10498', '10505', '10506', '10508', '11206', '11347', '11348', '13098', '13582', '13583', '13584', '13586', '13587', '13590', '13591', '13592', '13593', '23666', '26763', '28077', '28170', '28299', '28310', '28358', '28359', '28360', '28363', '28364', '28374', '28378', '28381', '28389', '28405', '28407', '28411', '28430', '28441', '28444', '28445', '28451', '28452', '28458', '28466', '28474', '28479', '28484', '28489', '28494', '28503', '28519', '28521', '28522', '28524', '28526', '28554', '28559', '28560', '28561', '28562', '28563', '28565', '28572', '28611', '28629', '28636', '28649', '28650', '28656', '28666', '28672', '28685', '28686', '28687', '28693', '28696', '28864', '28866', '28868', '28877', '28881', '28882', '28883', '28940', '28941', '28954', '28955', '28972', '28978', '28979', '28985', '28987', '28989', '29010', '29011', '29028', '29056', '29057', '29071', '29090', '29098', '29234', '29278', '29294']
fork_finder.py [LINE:67]# DEBUG [2013-06-22 13:33:33,403]  Pid 1 has 282 forks
fork_finder.py [LINE:67]# DEBUG [2013-06-22 13:33:34,093]  Pid 1074 has 16 forks
fork_finder.py [LINE:67]# DEBUG [2013-06-22 13:33:34,103]  Pid 1099 has 36 forks
fork_finder.py [LINE:67]# DEBUG [2013-06-22 13:33:34,167]  Pid 1215 has 64 forks
fork_finder.py [LINE:67]# DEBUG [2013-06-22 13:33:34,378]  Pid 2877 has 11 forks
fork_finder.py [LINE:67]# DEBUG [2013-06-22 13:33:34,761]  Pid 28170 has 37 forks
fork_finder.py [LINE:67]# DEBUG [2013-06-22 13:33:34,784]  Pid 28310 has 47 forks
fork_finder.py [LINE:67]# DEBUG [2013-06-22 13:33:34,922]  Pid 28430 has 22 forks
fork_finder.py [LINE:67]# DEBUG [2013-06-22 13:33:35,331]  Pid 28686 has 16 forks
fork_finder.py [LINE:67]# DEBUG [2013-06-22 13:33:35,342]  Pid 28687 has 16 forks
fork_finder.py [LINE:67]# DEBUG [2013-06-22 13:33:35,616]  Pid 29098 has 11 forks
fork_finder.py [LINE:67]# DEBUG [2013-06-22 13:33:35,625]  Pid 29234 has 48 forks
fork_finder.py [LINE:67]# DEBUG [2013-06-22 13:33:35,640]  Pid 29278 has 12 forks
fork_finder.py [LINE:79]# INFO [2013-06-22 13:33:35,655]  Send signal with code 1 to 1.
fork_finder.py [LINE:79]# INFO [2013-06-22 13:33:35,655]  Send signal with code 1 to 1074.
fork_finder.py [LINE:79]# INFO [2013-06-22 13:33:35,655]  Send signal with code 1 to 1099.
fork_finder.py [LINE:79]# INFO [2013-06-22 13:33:35,655]  Send signal with code 1 to 1215.
fork_finder.py [LINE:79]# INFO [2013-06-22 13:33:35,655]  Send signal with code 1 to 2877.
fork_finder.py [LINE:79]# INFO [2013-06-22 13:33:35,655]  Send signal with code 1 to 28170.
fork_finder.py [LINE:79]# INFO [2013-06-22 13:33:35,655]  Send signal with code 1 to 28310.
fork_finder.py [LINE:79]# INFO [2013-06-22 13:33:35,655]  Send signal with code 1 to 28430.
fork_finder.py [LINE:79]# INFO [2013-06-22 13:33:35,655]  Send signal with code 1 to 28686.
fork_finder.py [LINE:79]# INFO [2013-06-22 13:33:35,656]  Send signal with code 1 to 28687.
fork_finder.py [LINE:79]# INFO [2013-06-22 13:33:35,656]  Send signal with code 1 to 29098.
fork_finder.py [LINE:79]# INFO [2013-06-22 13:33:35,656]  Send signal with code 1 to 29234.
fork_finder.py [LINE:79]# INFO [2013-06-22 13:33:35,656]  Send signal with code 1 to 29278.
fork_finder.py [LINE:51]# DEBUG [2013-06-22 13:34:02,019]  All process pids in system: ['1', '2', '3', '5', '7', '8', '9', '10', '11', '12', '13', '16', '17', '18', '19', '20', '21', '22', '23', '24', '25', '26', '27', '30', '31', '32', '33', '34', '35', '36', '47', '50', '51', '53', '54', '58', '78', '79', '81', '82', '255', '256', '355', '545', '683', '705', '722', '733', '774', '847', '865', '866', '870', '881', '919', '922', '926', '1025', '1029', '1036', '1037', '1042', '1066', '1074', '1099', '1169', '1183', '1186', '1200', '1215', '1279', '1413', '1422', '1593', '1660', '1685', '1870', '1881', '2345', '2405', '2422', '2423', '2424', '2425', '2426', '2449', '2877', '2964', '3149', '3518', '4334', '4614', '5156', '7304', '7305', '7307', '8790', '9219', '9222', '9227', '10498', '10505', '10506', '10508', '11206', '11755', '11756', '11757', '11759', '11760', '11761', '11762', '11763', '13098', '13582', '13583', '13584', '13586', '13587', '13590', '13591', '13592', '13593', '23666', '26763', '28077', '28170', '28299', '28310', '28358', '28359', '28360', '28363', '28364', '28374', '28378', '28381', '28389', '28405', '28407', '28411', '28430', '28441', '28444', '28445', '28451', '28452', '28458', '28466', '28474', '28479', '28484', '28489', '28494', '28503', '28519', '28521', '28522', '28524', '28526', '28554', '28559', '28560', '28561', '28562', '28563', '28565', '28572', '28611', '28629', '28636', '28649', '28650', '28656', '28666', '28672', '28685', '28686', '28687', '28693', '28696', '28864', '28866', '28868', '28877', '28881', '28882', '28883', '28940', '28941', '28954', '28955', '28972', '28978', '28979', '28985', '28987', '28989', '29010', '29011', '29028', '29056', '29057', '29071', '29090', '29098', '29234', '29278', '29294']
fork_finder.py [LINE:67]# DEBUG [2013-06-22 13:34:02,034]  Pid 1 has 282 forks
fork_finder.py [LINE:67]# DEBUG [2013-06-22 13:34:02,731]  Pid 1074 has 16 forks
fork_finder.py [LINE:67]# DEBUG [2013-06-22 13:34:02,740]  Pid 1099 has 36 forks
fork_finder.py [LINE:67]# DEBUG [2013-06-22 13:34:02,806]  Pid 1215 has 64 forks
fork_finder.py [LINE:67]# DEBUG [2013-06-22 13:34:02,978]  Pid 2877 has 11 forks
fork_finder.py [LINE:67]# DEBUG [2013-06-22 13:34:03,415]  Pid 28170 has 37 forks
fork_finder.py [LINE:67]# DEBUG [2013-06-22 13:34:03,434]  Pid 28310 has 47 forks
fork_finder.py [LINE:67]# DEBUG [2013-06-22 13:34:03,574]  Pid 28430 has 22 forks
fork_finder.py [LINE:67]# DEBUG [2013-06-22 13:34:03,938]  Pid 28686 has 16 forks
fork_finder.py [LINE:67]# DEBUG [2013-06-22 13:34:03,949]  Pid 28687 has 16 forks
fork_finder.py [LINE:67]# DEBUG [2013-06-22 13:34:04,247]  Pid 29098 has 11 forks
fork_finder.py [LINE:67]# DEBUG [2013-06-22 13:34:04,256]  Pid 29234 has 48 forks
fork_finder.py [LINE:67]# DEBUG [2013-06-22 13:34:04,266]  Pid 29278 has 12 forks
fork_finder.py [LINE:79]# INFO [2013-06-22 13:34:04,277]  Send signal with code 1 to 1.
fork_finder.py [LINE:79]# INFO [2013-06-22 13:34:04,278]  Send signal with code 1 to 1074.
fork_finder.py [LINE:79]# INFO [2013-06-22 13:34:04,278]  Send signal with code 1 to 1099.
fork_finder.py [LINE:79]# INFO [2013-06-22 13:34:04,278]  Send signal with code 1 to 1215.
fork_finder.py [LINE:79]# INFO [2013-06-22 13:34:04,278]  Send signal with code 1 to 2877.
fork_finder.py [LINE:79]# INFO [2013-06-22 13:34:04,278]  Send signal with code 1 to 28170.
fork_finder.py [LINE:79]# INFO [2013-06-22 13:34:04,278]  Send signal with code 1 to 28310.
fork_finder.py [LINE:79]# INFO [2013-06-22 13:34:04,279]  Send signal with code 1 to 28430.
fork_finder.py [LINE:79]# INFO [2013-06-22 13:34:04,279]  Send signal with code 1 to 28686.
fork_finder.py [LINE:79]# INFO [2013-06-22 13:34:04,279]  Send signal with code 1 to 28687.
fork_finder.py [LINE:79]# INFO [2013-06-22 13:34:04,279]  Send signal with code 1 to 29098.
fork_finder.py [LINE:79]# INFO [2013-06-22 13:34:04,279]  Send signal with code 1 to 29234.
fork_finder.py [LINE:79]# INFO [2013-06-22 13:34:04,279]  Send signal with code 1 to 29278.
fork_finder.py [LINE:51]# DEBUG [2013-06-22 13:34:34,089]  All process pids in system: ['1', '2', '3', '5', '7', '8', '9', '10', '11', '12', '13', '16', '17', '18', '19', '20', '21', '22', '23', '24', '25', '26', '27', '30', '31', '32', '33', '34', '35', '36', '47', '50', '51', '53', '54', '58', '78', '79', '81', '82', '255', '256', '355', '545', '683', '705', '722', '733', '774', '847', '865', '866', '870', '881', '919', '922', '926', '1025', '1029', '1036', '1037', '1042', '1066', '1074', '1099', '1169', '1183', '1186', '1200', '1215', '1279', '1413', '1422', '1593', '1660', '1685', '1870', '1881', '2345', '2405', '2422', '2423', '2424', '2425', '2426', '2449', '2877', '2964', '3149', '3518', '4334', '4614', '5156', '7304', '7305', '7307', '8790', '9222', '9227', '10498', '11756', '11757', '11759', '11819', '12187', '12191', '12192', '13098', '13582', '13583', '13584', '13586', '13587', '13590', '13591', '13592', '13593', '23666', '26763', '28077', '28170', '28299', '28310', '28358', '28359', '28360', '28363', '28364', '28374', '28378', '28381', '28389', '28405', '28407', '28411', '28430', '28441', '28444', '28445', '28451', '28452', '28458', '28466', '28474', '28479', '28484', '28489', '28494', '28503', '28519', '28521', '28522', '28524', '28526', '28554', '28559', '28560', '28561', '28562', '28563', '28565', '28572', '28611', '28629', '28636', '28649', '28650', '28656', '28666', '28672', '28685', '28686', '28687', '28693', '28696', '28864', '28866', '28868', '28877', '28881', '28882', '28883', '28940', '28941', '28954', '28955', '28972', '28978', '28979', '28985', '28987', '28989', '29010', '29011', '29028', '29056', '29057', '29071', '29090', '29098', '29234', '29278', '29294']
fork_finder.py [LINE:67]# DEBUG [2013-06-22 13:34:34,106]  Pid 1 has 282 forks
fork_finder.py [LINE:67]# DEBUG [2013-06-22 13:34:34,849]  Pid 1074 has 16 forks
fork_finder.py [LINE:67]# DEBUG [2013-06-22 13:34:34,858]  Pid 1099 has 36 forks
fork_finder.py [LINE:67]# DEBUG [2013-06-22 13:34:34,910]  Pid 1215 has 64 forks
fork_finder.py [LINE:67]# DEBUG [2013-06-22 13:34:35,100]  Pid 2877 has 11 forks
fork_finder.py [LINE:67]# DEBUG [2013-06-22 13:34:35,498]  Pid 28170 has 37 forks
fork_finder.py [LINE:67]# DEBUG [2013-06-22 13:34:35,536]  Pid 28310 has 47 forks
fork_finder.py [LINE:67]# DEBUG [2013-06-22 13:34:35,683]  Pid 28430 has 22 forks
fork_finder.py [LINE:67]# DEBUG [2013-06-22 13:34:36,087]  Pid 28686 has 16 forks
fork_finder.py [LINE:67]# DEBUG [2013-06-22 13:34:36,103]  Pid 28687 has 16 forks
fork_finder.py [LINE:67]# DEBUG [2013-06-22 13:34:36,424]  Pid 29098 has 11 forks
fork_finder.py [LINE:67]# DEBUG [2013-06-22 13:34:36,438]  Pid 29234 has 48 forks
fork_finder.py [LINE:67]# DEBUG [2013-06-22 13:34:36,453]  Pid 29278 has 12 forks
fork_finder.py [LINE:79]# INFO [2013-06-22 13:34:36,464]  Send signal with code 1 to 1.
fork_finder.py [LINE:79]# INFO [2013-06-22 13:34:36,464]  Send signal with code 1 to 1074.
fork_finder.py [LINE:79]# INFO [2013-06-22 13:34:36,465]  Send signal with code 1 to 1099.
fork_finder.py [LINE:79]# INFO [2013-06-22 13:34:36,465]  Send signal with code 1 to 1215.
fork_finder.py [LINE:79]# INFO [2013-06-22 13:34:36,465]  Send signal with code 1 to 2877.
fork_finder.py [LINE:79]# INFO [2013-06-22 13:34:36,465]  Send signal with code 1 to 28170.
fork_finder.py [LINE:79]# INFO [2013-06-22 13:34:36,465]  Send signal with code 1 to 28310.
fork_finder.py [LINE:79]# INFO [2013-06-22 13:34:36,465]  Send signal with code 1 to 28430.
fork_finder.py [LINE:79]# INFO [2013-06-22 13:34:36,465]  Send signal with code 1 to 28686.
fork_finder.py [LINE:79]# INFO [2013-06-22 13:34:36,466]  Send signal with code 1 to 28687.
fork_finder.py [LINE:79]# INFO [2013-06-22 13:34:36,466]  Send signal with code 1 to 29098.
fork_finder.py [LINE:79]# INFO [2013-06-22 13:34:36,466]  Send signal with code 1 to 29234.
fork_finder.py [LINE:79]# INFO [2013-06-22 13:34:36,466]  Send signal with code 1 to 29278.
fork_finder.py [LINE:51]# DEBUG [2013-06-22 13:35:01,334]  All process pids in system: ['1', '2', '3', '5', '7', '8', '9', '10', '11', '12', '13', '16', '17', '18', '19', '20', '21', '22', '23', '24', '25', '26', '27', '30', '31', '32', '33', '34', '35', '36', '47', '50', '51', '53', '54', '58', '78', '79', '81', '82', '255', '256', '355', '545', '683', '705', '722', '733', '774', '847', '865', '866', '870', '881', '919', '922', '926', '1025', '1029', '1036', '1037', '1042', '1066', '1074', '1099', '1169', '1183', '1186', '1200', '1215', '1279', '1413', '1422', '1593', '1660', '1685', '1870', '1881', '2345', '2405', '2422', '2423', '2424', '2425', '2426', '2449', '2877', '2964', '3149', '3518', '4334', '4614', '5156', '7304', '7305', '7307', '8790', '9222', '9227', '10498', '11756', '11757', '11759', '11819', '12187', '12599', '12600', '12602', '12603', '12604', '12605', '12606', '13098', '13582', '13583', '13584', '13586', '13587', '13590', '13591', '13592', '13593', '23666', '26763', '28077', '28170', '28299', '28310', '28358', '28359', '28360', '28363', '28364', '28374', '28378', '28381', '28389', '28405', '28407', '28411', '28430', '28441', '28444', '28445', '28451', '28452', '28458', '28466', '28474', '28479', '28484', '28489', '28494', '28503', '28519', '28521', '28522', '28524', '28526', '28554', '28559', '28560', '28561', '28562', '28563', '28565', '28572', '28611', '28629', '28636', '28649', '28650', '28656', '28666', '28672', '28685', '28686', '28687', '28693', '28696', '28864', '28866', '28868', '28877', '28881', '28882', '28883', '28940', '28941', '28954', '28955', '28972', '28978', '28979', '28985', '28987', '28989', '29010', '29011', '29028', '29056', '29057', '29071', '29090', '29098', '29234', '29278', '29294']
fork_finder.py [LINE:67]# DEBUG [2013-06-22 13:35:01,348]  Pid 1 has 282 forks
fork_finder.py [LINE:67]# DEBUG [2013-06-22 13:35:02,063]  Pid 1074 has 16 forks
fork_finder.py [LINE:67]# DEBUG [2013-06-22 13:35:02,072]  Pid 1099 has 36 forks
fork_finder.py [LINE:67]# DEBUG [2013-06-22 13:35:02,140]  Pid 1215 has 64 forks
fork_finder.py [LINE:67]# DEBUG [2013-06-22 13:35:02,369]  Pid 2877 has 11 forks
fork_finder.py [LINE:67]# DEBUG [2013-06-22 13:35:02,847]  Pid 28170 has 37 forks
fork_finder.py [LINE:67]# DEBUG [2013-06-22 13:35:02,867]  Pid 28310 has 47 forks
fork_finder.py [LINE:67]# DEBUG [2013-06-22 13:35:02,999]  Pid 28430 has 22 forks
fork_finder.py [LINE:67]# DEBUG [2013-06-22 13:35:03,418]  Pid 28686 has 16 forks
fork_finder.py [LINE:67]# DEBUG [2013-06-22 13:35:03,427]  Pid 28687 has 16 forks
fork_finder.py [LINE:67]# DEBUG [2013-06-22 13:35:03,721]  Pid 29098 has 11 forks
fork_finder.py [LINE:67]# DEBUG [2013-06-22 13:35:03,730]  Pid 29234 has 48 forks
fork_finder.py [LINE:67]# DEBUG [2013-06-22 13:35:03,740]  Pid 29278 has 12 forks
fork_finder.py [LINE:79]# INFO [2013-06-22 13:35:03,749]  Send signal with code 1 to 1.
fork_finder.py [LINE:79]# INFO [2013-06-22 13:35:03,749]  Send signal with code 1 to 1074.
fork_finder.py [LINE:79]# INFO [2013-06-22 13:35:03,749]  Send signal with code 1 to 1099.
fork_finder.py [LINE:79]# INFO [2013-06-22 13:35:03,749]  Send signal with code 1 to 1215.
fork_finder.py [LINE:79]# INFO [2013-06-22 13:35:03,750]  Send signal with code 1 to 2877.
fork_finder.py [LINE:79]# INFO [2013-06-22 13:35:03,750]  Send signal with code 1 to 28170.
fork_finder.py [LINE:79]# INFO [2013-06-22 13:35:03,750]  Send signal with code 1 to 28310.
fork_finder.py [LINE:79]# INFO [2013-06-22 13:35:03,750]  Send signal with code 1 to 28430.
fork_finder.py [LINE:79]# INFO [2013-06-22 13:35:03,750]  Send signal with code 1 to 28686.
fork_finder.py [LINE:79]# INFO [2013-06-22 13:35:03,750]  Send signal with code 1 to 28687.
fork_finder.py [LINE:79]# INFO [2013-06-22 13:35:03,750]  Send signal with code 1 to 29098.
fork_finder.py [LINE:79]# INFO [2013-06-22 13:35:03,750]  Send signal with code 1 to 29234.
fork_finder.py [LINE:79]# INFO [2013-06-22 13:35:03,750]  Send signal with code 1 to 29278.
fork_finder.py [LINE:51]# DEBUG [2013-06-22 13:35:14,561]  All process pids in system: ['1', '2', '3', '5', '7', '8', '9', '10', '11', '12', '13', '16', '17', '18', '19', '20', '21', '22', '23', '24', '25', '26', '27', '30', '31', '32', '33', '34', '35', '36', '47', '50', '51', '53', '54', '58', '78', '79', '81', '82', '255', '256', '355', '545', '683', '705', '722', '733', '774', '847', '865', '866', '870', '881', '919', '922', '926', '1025', '1029', '1036', '1037', '1042', '1066', '1074', '1099', '1169', '1183', '1186', '1200', '1215', '1279', '1413', '1422', '1593', '1660', '1685', '1870', '1881', '2345', '2405', '2422', '2423', '2424', '2425', '2426', '2449', '2877', '2964', '3149', '3518', '4334', '4614', '5156', '7304', '7305', '7307', '8790', '9222', '9227', '10498', '11819', '12599', '12600', '12602', '13026', '13027', '13033', '13034', '13098', '13582', '13583', '13584', '13586', '13587', '13590', '13591', '13592', '13593', '23666', '26763', '28077', '28170', '28299', '28310', '28358', '28359', '28360', '28363', '28364', '28374', '28378', '28381', '28389', '28405', '28407', '28411', '28430', '28441', '28444', '28445', '28451', '28452', '28458', '28466', '28474', '28479', '28484', '28489', '28494', '28503', '28519', '28521', '28522', '28524', '28526', '28554', '28559', '28560', '28561', '28562', '28563', '28565', '28572', '28611', '28629', '28636', '28649', '28650', '28656', '28666', '28672', '28685', '28686', '28687', '28693', '28696', '28864', '28866', '28868', '28877', '28881', '28882', '28883', '28940', '28941', '28954', '28955', '28972', '28978', '28979', '28985', '28987', '28989', '29010', '29011', '29028', '29056', '29057', '29071', '29090', '29098', '29234', '29278', '29294']
fork_finder.py [LINE:67]# DEBUG [2013-06-22 13:35:14,577]  Pid 1 has 282 forks
fork_finder.py [LINE:67]# DEBUG [2013-06-22 13:35:15,252]  Pid 1074 has 16 forks
fork_finder.py [LINE:67]# DEBUG [2013-06-22 13:35:15,263]  Pid 1099 has 36 forks
fork_finder.py [LINE:67]# DEBUG [2013-06-22 13:35:15,315]  Pid 1215 has 64 forks
fork_finder.py [LINE:67]# DEBUG [2013-06-22 13:35:15,522]  Pid 2877 has 11 forks
fork_finder.py [LINE:67]# DEBUG [2013-06-22 13:35:15,899]  Pid 28170 has 37 forks
fork_finder.py [LINE:67]# DEBUG [2013-06-22 13:35:15,921]  Pid 28310 has 47 forks
fork_finder.py [LINE:67]# DEBUG [2013-06-22 13:35:16,060]  Pid 28430 has 22 forks
fork_finder.py [LINE:67]# DEBUG [2013-06-22 13:35:16,446]  Pid 28686 has 16 forks
fork_finder.py [LINE:67]# DEBUG [2013-06-22 13:35:16,465]  Pid 28687 has 16 forks
fork_finder.py [LINE:67]# DEBUG [2013-06-22 13:35:16,785]  Pid 29098 has 11 forks
fork_finder.py [LINE:67]# DEBUG [2013-06-22 13:35:16,797]  Pid 29234 has 48 forks
fork_finder.py [LINE:67]# DEBUG [2013-06-22 13:35:16,807]  Pid 29278 has 12 forks
fork_finder.py [LINE:79]# INFO [2013-06-22 13:35:16,817]  Send signal with code 1 to 1.
fork_finder.py [LINE:79]# INFO [2013-06-22 13:35:16,817]  Send signal with code 1 to 1074.
fork_finder.py [LINE:79]# INFO [2013-06-22 13:35:16,818]  Send signal with code 1 to 1099.
fork_finder.py [LINE:79]# INFO [2013-06-22 13:35:16,818]  Send signal with code 1 to 1215.
fork_finder.py [LINE:79]# INFO [2013-06-22 13:35:16,818]  Send signal with code 1 to 2877.
fork_finder.py [LINE:79]# INFO [2013-06-22 13:35:16,818]  Send signal with code 1 to 28170.
fork_finder.py [LINE:79]# INFO [2013-06-22 13:35:16,818]  Send signal with code 1 to 28310.
fork_finder.py [LINE:79]# INFO [2013-06-22 13:35:16,818]  Send signal with code 1 to 28430.
fork_finder.py [LINE:79]# INFO [2013-06-22 13:35:16,818]  Send signal with code 1 to 28686.
fork_finder.py [LINE:79]# INFO [2013-06-22 13:35:16,818]  Send signal with code 1 to 28687.
fork_finder.py [LINE:79]# INFO [2013-06-22 13:35:16,818]  Send signal with code 1 to 29098.
fork_finder.py [LINE:79]# INFO [2013-06-22 13:35:16,819]  Send signal with code 1 to 29234.
fork_finder.py [LINE:79]# INFO [2013-06-22 13:35:16,819]  Send signal with code 1 to 29278.
fork_finder.py [LINE:51]# DEBUG [2013-06-22 13:36:01,651]  All process pids in system: ['1', '2', '3', '5', '7', '8', '9', '10', '11', '12', '13', '16', '17', '18', '19', '20', '21', '22', '23', '24', '25', '26', '27', '30', '31', '32', '33', '34', '35', '36', '47', '50', '51', '53', '54', '58', '78', '79', '81', '82', '255', '256', '355', '545', '683', '705', '722', '733', '774', '847', '865', '866', '870', '881', '919', '922', '926', '1025', '1029', '1036', '1037', '1042', '1066', '1074', '1099', '1169', '1183', '1186', '1200', '1215', '1279', '1413', '1422', '1593', '1660', '1685', '1870', '1881', '2345', '2405', '2422', '2423', '2424', '2425', '2426', '2449', '2877', '2964', '3149', '3518', '4334', '4614', '5156', '7304', '7305', '7307', '8790', '9222', '9227', '10498', '11819', '12599', '13026', '13027', '13098', '13452', '13453', '13454', '13456', '13457', '13458', '13459', '13460', '13461', '13582', '13583', '13584', '13586', '13587', '13590', '13591', '13592', '13593', '23666', '26763', '28077', '28170', '28299', '28310', '28358', '28359', '28360', '28363', '28364', '28374', '28378', '28381', '28389', '28405', '28407', '28411', '28430', '28441', '28444', '28445', '28451', '28452', '28458', '28466', '28474', '28479', '28484', '28489', '28494', '28503', '28519', '28521', '28522', '28524', '28526', '28554', '28559', '28560', '28561', '28562', '28563', '28565', '28572', '28611', '28629', '28636', '28649', '28650', '28656', '28666', '28672', '28685', '28686', '28687', '28693', '28696', '28864', '28866', '28868', '28877', '28881', '28882', '28883', '28940', '28941', '28954', '28955', '28972', '28978', '28979', '28985', '28987', '28989', '29010', '29011', '29028', '29056', '29057', '29071', '29090', '29098', '29234', '29278', '29294']
fork_finder.py [LINE:67]# DEBUG [2013-06-22 13:36:01,663]  Pid 1 has 286 forks
fork_finder.py [LINE:67]# DEBUG [2013-06-22 13:36:02,411]  Pid 1074 has 16 forks
fork_finder.py [LINE:67]# DEBUG [2013-06-22 13:36:02,421]  Pid 1099 has 36 forks
fork_finder.py [LINE:67]# DEBUG [2013-06-22 13:36:02,481]  Pid 1215 has 64 forks
fork_finder.py [LINE:67]# DEBUG [2013-06-22 13:36:02,689]  Pid 2877 has 11 forks
fork_finder.py [LINE:67]# DEBUG [2013-06-22 13:36:03,186]  Pid 28170 has 37 forks
fork_finder.py [LINE:67]# DEBUG [2013-06-22 13:36:03,206]  Pid 28310 has 47 forks
fork_finder.py [LINE:67]# DEBUG [2013-06-22 13:36:03,337]  Pid 28430 has 22 forks
fork_finder.py [LINE:67]# DEBUG [2013-06-22 13:36:03,715]  Pid 28686 has 16 forks
fork_finder.py [LINE:67]# DEBUG [2013-06-22 13:36:03,724]  Pid 28687 has 16 forks
fork_finder.py [LINE:67]# DEBUG [2013-06-22 13:36:03,995]  Pid 29098 has 11 forks
fork_finder.py [LINE:67]# DEBUG [2013-06-22 13:36:04,012]  Pid 29234 has 52 forks
fork_finder.py [LINE:67]# DEBUG [2013-06-22 13:36:04,022]  Pid 29278 has 12 forks
fork_finder.py [LINE:79]# INFO [2013-06-22 13:36:04,039]  Send signal with code 1 to 1.
fork_finder.py [LINE:79]# INFO [2013-06-22 13:36:04,039]  Send signal with code 1 to 1074.
fork_finder.py [LINE:79]# INFO [2013-06-22 13:36:04,040]  Send signal with code 1 to 1099.
fork_finder.py [LINE:79]# INFO [2013-06-22 13:36:04,040]  Send signal with code 1 to 1215.
fork_finder.py [LINE:79]# INFO [2013-06-22 13:36:04,040]  Send signal with code 1 to 2877.
fork_finder.py [LINE:79]# INFO [2013-06-22 13:36:04,040]  Send signal with code 1 to 28170.
fork_finder.py [LINE:79]# INFO [2013-06-22 13:36:04,040]  Send signal with code 1 to 28310.
fork_finder.py [LINE:79]# INFO [2013-06-22 13:36:04,040]  Send signal with code 1 to 28430.
fork_finder.py [LINE:79]# INFO [2013-06-22 13:36:04,040]  Send signal with code 1 to 28686.
fork_finder.py [LINE:79]# INFO [2013-06-22 13:36:04,040]  Send signal with code 1 to 28687.
fork_finder.py [LINE:79]# INFO [2013-06-22 13:36:04,041]  Send signal with code 1 to 29098.
fork_finder.py [LINE:79]# INFO [2013-06-22 13:36:04,041]  Send signal with code 1 to 29234.
fork_finder.py [LINE:79]# INFO [2013-06-22 13:36:04,041]  Send signal with code 1 to 29278.
fork_finder.py [LINE:51]# DEBUG [2013-06-22 13:36:33,011]  All process pids in system: ['1', '2', '3', '5', '7', '8', '9', '10', '11', '12', '13', '16', '17', '18', '19', '20', '21', '22', '23', '24', '25', '26', '27', '30', '31', '32', '33', '34', '35', '36', '47', '50', '51', '53', '54', '58', '78', '79', '81', '82', '255', '256', '355', '545', '683', '705', '722', '733', '774', '847', '865', '866', '870', '881', '919', '922', '926', '1025', '1029', '1036', '1037', '1042', '1066', '1074', '1099', '1169', '1183', '1186', '1200', '1215', '1279', '1413', '1422', '1593', '1660', '1685', '1870', '1881', '2345', '2405', '2422', '2423', '2424', '2425', '2426', '2449', '2877', '2964', '3149', '3518', '4334', '4614', '5156', '7304', '7305', '7307', '8790', '9222', '9227', '10498', '11819', '13027', '13098', '13454', '13458', '13582', '13583', '13584', '13586', '13587', '13590', '13591', '13592', '13593', '13895', '13896', '23666', '26763', '28077', '28170', '28299', '28310', '28358', '28359', '28360', '28363', '28364', '28374', '28378', '28381', '28389', '28405', '28407', '28411', '28430', '28441', '28444', '28445', '28451', '28452', '28458', '28466', '28474', '28479', '28484', '28489', '28494', '28503', '28519', '28521', '28522', '28524', '28526', '28554', '28559', '28560', '28561', '28562', '28563', '28565', '28572', '28611', '28629', '28636', '28649', '28650', '28656', '28666', '28672', '28685', '28686', '28687', '28693', '28696', '28864', '28866', '28868', '28877', '28881', '28882', '28883', '28940', '28941', '28954', '28955', '28972', '28978', '28979', '28985', '28987', '28989', '29010', '29011', '29028', '29056', '29057', '29071', '29090', '29098', '29234', '29278', '29294']
fork_finder.py [LINE:67]# DEBUG [2013-06-22 13:36:33,028]  Pid 1 has 282 forks
fork_finder.py [LINE:67]# DEBUG [2013-06-22 13:36:33,740]  Pid 1074 has 16 forks
fork_finder.py [LINE:67]# DEBUG [2013-06-22 13:36:33,750]  Pid 1099 has 36 forks
fork_finder.py [LINE:67]# DEBUG [2013-06-22 13:36:33,815]  Pid 1215 has 64 forks
fork_finder.py [LINE:67]# DEBUG [2013-06-22 13:36:34,016]  Pid 2877 has 11 forks
fork_finder.py [LINE:67]# DEBUG [2013-06-22 13:36:34,391]  Pid 28170 has 37 forks
fork_finder.py [LINE:67]# DEBUG [2013-06-22 13:36:34,411]  Pid 28310 has 47 forks
fork_finder.py [LINE:67]# DEBUG [2013-06-22 13:36:34,568]  Pid 28430 has 22 forks
fork_finder.py [LINE:67]# DEBUG [2013-06-22 13:36:34,950]  Pid 28686 has 16 forks
fork_finder.py [LINE:67]# DEBUG [2013-06-22 13:36:34,965]  Pid 28687 has 16 forks
fork_finder.py [LINE:67]# DEBUG [2013-06-22 13:36:35,253]  Pid 29098 has 11 forks
fork_finder.py [LINE:67]# DEBUG [2013-06-22 13:36:35,270]  Pid 29234 has 48 forks
fork_finder.py [LINE:67]# DEBUG [2013-06-22 13:36:35,283]  Pid 29278 has 12 forks
fork_finder.py [LINE:79]# INFO [2013-06-22 13:36:35,293]  Send signal with code 1 to 1.
fork_finder.py [LINE:79]# INFO [2013-06-22 13:36:35,294]  Send signal with code 1 to 1074.
fork_finder.py [LINE:79]# INFO [2013-06-22 13:36:35,294]  Send signal with code 1 to 1099.
fork_finder.py [LINE:79]# INFO [2013-06-22 13:36:35,294]  Send signal with code 1 to 1215.
fork_finder.py [LINE:79]# INFO [2013-06-22 13:36:35,294]  Send signal with code 1 to 2877.
fork_finder.py [LINE:79]# INFO [2013-06-22 13:36:35,294]  Send signal with code 1 to 28170.
fork_finder.py [LINE:79]# INFO [2013-06-22 13:36:35,294]  Send signal with code 1 to 28310.
fork_finder.py [LINE:79]# INFO [2013-06-22 13:36:35,294]  Send signal with code 1 to 28430.
fork_finder.py [LINE:79]# INFO [2013-06-22 13:36:35,294]  Send signal with code 1 to 28686.
fork_finder.py [LINE:79]# INFO [2013-06-22 13:36:35,294]  Send signal with code 1 to 28687.
fork_finder.py [LINE:79]# INFO [2013-06-22 13:36:35,294]  Send signal with code 1 to 29098.
fork_finder.py [LINE:79]# INFO [2013-06-22 13:36:35,295]  Send signal with code 1 to 29234.
fork_finder.py [LINE:79]# INFO [2013-06-22 13:36:35,295]  Send signal with code 1 to 29278.
fork_finder.py [LINE:51]# DEBUG [2013-06-22 13:37:01,324]  All process pids in system: ['1', '2', '3', '5', '7', '8', '9', '10', '11', '12', '13', '16', '17', '18', '19', '20', '21', '22', '23', '24', '25', '26', '27', '30', '31', '32', '33', '34', '35', '36', '47', '50', '51', '53', '54', '58', '78', '79', '81', '82', '255', '256', '355', '545', '683', '705', '722', '733', '774', '847', '865', '866', '870', '881', '919', '922', '926', '1025', '1029', '1036', '1037', '1042', '1066', '1074', '1099', '1169', '1183', '1186', '1200', '1215', '1279', '1413', '1422', '1593', '1660', '1685', '1870', '1881', '2345', '2405', '2422', '2423', '2424', '2425', '2426', '2449', '2877', '2964', '3149', '3518', '4334', '4614', '5156', '7304', '7305', '7307', '8790', '9222', '9227', '10498', '11819', '13027', '13098', '13454', '13458', '13582', '13583', '13584', '13586', '13587', '13590', '13591', '13592', '13593', '14301', '14302', '14304', '14305', '14306', '14307', '14308', '23666', '26763', '28077', '28170', '28299', '28310', '28358', '28359', '28360', '28363', '28364', '28374', '28378', '28381', '28389', '28405', '28407', '28411', '28430', '28441', '28444', '28445', '28451', '28452', '28458', '28466', '28474', '28479', '28484', '28489', '28494', '28503', '28519', '28521', '28522', '28524', '28526', '28554', '28559', '28560', '28561', '28562', '28563', '28565', '28572', '28611', '28629', '28636', '28649', '28650', '28656', '28666', '28672', '28685', '28686', '28687', '28693', '28696', '28864', '28866', '28868', '28877', '28881', '28882', '28883', '28940', '28941', '28954', '28955', '28972', '28978', '28979', '28985', '28987', '28989', '29010', '29011', '29028', '29056', '29057', '29071', '29090', '29098', '29234', '29278', '29294']
fork_finder.py [LINE:67]# DEBUG [2013-06-22 13:37:01,344]  Pid 1 has 282 forks
fork_finder.py [LINE:67]# DEBUG [2013-06-22 13:37:02,086]  Pid 1074 has 16 forks
fork_finder.py [LINE:67]# DEBUG [2013-06-22 13:37:02,096]  Pid 1099 has 36 forks
fork_finder.py [LINE:67]# DEBUG [2013-06-22 13:37:02,166]  Pid 1215 has 64 forks
fork_finder.py [LINE:67]# DEBUG [2013-06-22 13:37:02,372]  Pid 2877 has 11 forks
fork_finder.py [LINE:67]# DEBUG [2013-06-22 13:37:02,819]  Pid 28170 has 37 forks
fork_finder.py [LINE:67]# DEBUG [2013-06-22 13:37:02,838]  Pid 28310 has 47 forks
fork_finder.py [LINE:67]# DEBUG [2013-06-22 13:37:02,977]  Pid 28430 has 22 forks
fork_finder.py [LINE:67]# DEBUG [2013-06-22 13:37:03,372]  Pid 28686 has 16 forks
fork_finder.py [LINE:67]# DEBUG [2013-06-22 13:37:03,381]  Pid 28687 has 16 forks
fork_finder.py [LINE:67]# DEBUG [2013-06-22 13:37:03,651]  Pid 29098 has 11 forks
fork_finder.py [LINE:67]# DEBUG [2013-06-22 13:37:03,665]  Pid 29234 has 48 forks
fork_finder.py [LINE:67]# DEBUG [2013-06-22 13:37:03,681]  Pid 29278 has 12 forks
fork_finder.py [LINE:79]# INFO [2013-06-22 13:37:03,691]  Send signal with code 1 to 1.
fork_finder.py [LINE:79]# INFO [2013-06-22 13:37:03,691]  Send signal with code 1 to 1074.
fork_finder.py [LINE:79]# INFO [2013-06-22 13:37:03,691]  Send signal with code 1 to 1099.
fork_finder.py [LINE:79]# INFO [2013-06-22 13:37:03,692]  Send signal with code 1 to 1215.
fork_finder.py [LINE:79]# INFO [2013-06-22 13:37:03,692]  Send signal with code 1 to 2877.
fork_finder.py [LINE:79]# INFO [2013-06-22 13:37:03,692]  Send signal with code 1 to 28170.
fork_finder.py [LINE:79]# INFO [2013-06-22 13:37:03,692]  Send signal with code 1 to 28310.
fork_finder.py [LINE:79]# INFO [2013-06-22 13:37:03,692]  Send signal with code 1 to 28430.
fork_finder.py [LINE:79]# INFO [2013-06-22 13:37:03,692]  Send signal with code 1 to 28686.
fork_finder.py [LINE:79]# INFO [2013-06-22 13:37:03,692]  Send signal with code 1 to 28687.
fork_finder.py [LINE:79]# INFO [2013-06-22 13:37:03,692]  Send signal with code 1 to 29098.
fork_finder.py [LINE:79]# INFO [2013-06-22 13:37:03,692]  Send signal with code 1 to 29234.
fork_finder.py [LINE:79]# INFO [2013-06-22 13:37:03,692]  Send signal with code 1 to 29278.
